


ARM Macro Assembler    Page 1 


    1 00000000         ;*******************************************************
                       ************
    2 00000000         ; LCD.s
    3 00000000         ; Instructor: ***fill this in***
    4 00000000         ; Student: ***fill this in***
    5 00000000         ; Section: ***fill this in***
    6 00000000         ; Date:    ***fill this in***
    7 00000000         ;
    8 00000000         ; Runs on LM4F120/TM4C123
    9 00000000         ; Use SSI0 to send an 8-bit code to the ST7735 160x128 p
                       ixel LCD.
   10 00000000         ;
   11 00000000         ; As part of Lab 9, students need to implement these LCD
                       _WriteCommand
   12 00000000         ; and LCD_WriteData
   13 00000000         ; This driver assumes two low-level LCD functions
   14 00000000         ;
   15 00000000         ; Backlight (pin 10) connected to +3.3 V
   16 00000000         ; MISO (pin 9) unconnected
   17 00000000         ; SCK (pin 8) connected to PA2 (SSI0Clk)
   18 00000000         ; MOSI (pin 7) connected to PA5 (SSI0Tx)
   19 00000000         ; TFT_CS (pin 6) connected to PA3 (SSI0Fss)
   20 00000000         ; CARD_CS (pin 5) unconnected
   21 00000000         ; Data/Command (pin 4) connected to PA6 (GPIO)
   22 00000000         ; RESET (pin 3) connected to PA7 (GPIO)
   23 00000000         ; VCC (pin 2) connected to +3.3 V
   24 00000000         ; Gnd (pin 1) connected to ground
   25 00000000         ;*******************************************************
                       ************
   26 00000000         
   27 00000000 40004100 
                       DC      EQU              0x40004100
   28 00000000 00000000 
                       DC_COMMAND
                               EQU              0
   29 00000000 00000040 
                       DC_DATA EQU              0x40
   30 00000000 40008008 
                       SSI0_DR_R
                               EQU              0x40008008
   31 00000000 4000800C 
                       SSI0_SR_R
                               EQU              0x4000800C
   32 00000000 00000004 
                       SSI_SR_RNE
                               EQU              0x00000004  ; SSI Receive FIFO 
                                                            Not Empty
   33 00000000 00000010 
                       SSI_SR_BSY
                               EQU              0x00000010  ; SSI Busy Bit
   34 00000000 00000002 
                       SSI_SR_TNF
                               EQU              0x00000002  ; SSI Transmit FIFO
                                                             Not Full
   35 00000000 400043FC 
                       GPIO_PORTA_DATA_R
                               EQU              0x400043FC  ; GPIO_PORTA_DATA_R
                                                            
   36 00000000                 EXPORT           writecommand



ARM Macro Assembler    Page 2 


   37 00000000                 EXPORT           writedata
   38 00000000         
   39 00000000                 AREA             |.text|, CODE, READONLY, ALIGN=
2
   40 00000000                 THUMB
   41 00000000                 ALIGN
   42 00000000         
   43 00000000         ; The Data/Command pin must be valid when the eighth bit
                        is
   44 00000000         ; sent.  The SSI module has hardware input and output FI
                       FOs
   45 00000000         ; that are 8 locations deep.  Based on the observation t
                       hat
   46 00000000         ; the LCD interface tends to send a few commands and the
                       n a
   47 00000000         ; lot of data, the FIFOs are not used when writing
   48 00000000         ; commands, and they are used when writing data.  This
   49 00000000         ; ensures that the Data/Command pin status matches the b
                       yte
   50 00000000         ; that is actually being transmitted.
   51 00000000         ; The write command operation waits until all data has b
                       een
   52 00000000         ; sent, configures the Data/Command pin for commands, se
                       nds
   53 00000000         ; the command, and then waits for the transmission to
   54 00000000         ; finish.
   55 00000000         ; The write data operation waits until there is room in 
                       the
   56 00000000         ; transmit FIFO, configures the Data/Command pin for dat
                       a,
   57 00000000         ; and then adds the data to the transmit FIFO.
   58 00000000         ; NOTE: These functions will crash or stall indefinitely
                        if
   59 00000000         ; the SSI0 module is not initialized and enabled.
   60 00000000         
   61 00000000         ; This is a helper function that sends an 8-bit command 
                       to the LCD.
   62 00000000         ; Input: R0  8-bit command to transmit
   63 00000000         ; Output: none
   64 00000000         ; Assumes: SSI0 and port A have already been initialized
                        and enabled
   65 00000000         writecommand
                               PROC
   66 00000000         ;1) Read SSI0_SR_R and check bit 4, 
   67 00000000         ;2) If bit 4 is high, loop back to step 1 (wait for BUSY
                        bit to be low)
   68 00000000         ;3) Clear D/C=PA6 to zero
   69 00000000         ;4) Write the command to SSI0_DR_R
   70 00000000         ;5) Read SSI0_SR_R and check bit 4, 
   71 00000000         ;6) If bit 4 is high, loop back to step 5 (wait for BUSY
                        bit to be low)
   72 00000000 490F            LDR              r1, =SSI0_SR_R
   73 00000002 680A    L1      LDR              r2, [r1]
   74 00000004 F012 0F10       TST              r2, #0x10
   75 00000008 D1FB            BNE              L1
   76 0000000A 490E            LDR              r1, =GPIO_PORTA_DATA_R
   77 0000000C 680A            LDR              r2, [r1]
   78 0000000E F002 02BF       AND              r2, r2, #0xBF
   79 00000012 600A            STR              r2, [r1]



ARM Macro Assembler    Page 3 


   80 00000014 4B0C            LDR              r3, =SSI0_DR_R
   81 00000016 6018            STR              r0, [r3]
   82 00000018 4909            LDR              r1, =SSI0_SR_R
   83 0000001A 680A    L2      LDR              r2, [r1]
   84 0000001C F012 0F10       TST              r2, #0x10
   85 00000020 D1FB            BNE              L2
   86 00000022 4770            BX               LR          ;   return
   87 00000024                 ENDP
   88 00000024         
   89 00000024         
   90 00000024         ; This is a helper function that sends an 8-bit data to 
                       the LCD.
   91 00000024         ; Input: R0  8-bit data to transmit
   92 00000024         ; Output: none
   93 00000024         ; Assumes: SSI0 and port A have already been initialized
                        and enabled
   94 00000024         writedata
                               PROC
   95 00000024         ;1) Read SSI0_SR_R and check bit 1, 
   96 00000024         ;2) If bit 1 is low loop back to step 1 (wait for TNF bi
                       t to be high)
   97 00000024         ;3) Set D/C=PA6 to one
   98 00000024         ;4) Write the 8-bit data to SSI0_DR_R
   99 00000024 4906            LDR              r1, =SSI0_SR_R
  100 00000026 680A    L3      LDR              r2, [r1]
  101 00000028 F012 0F10       TST              r2, #0x10
  102 0000002C D1FB            BNE              L3
  103 0000002E 4905            LDR              r1, =GPIO_PORTA_DATA_R
  104 00000030 680A            LDR              r2, [r1]
  105 00000032 F042 0240       ORR              r2, r2, #0x40
  106 00000036 600A            STR              r2, [r1]
  107 00000038 4B03            LDR              r3, =SSI0_DR_R
  108 0000003A 6018            STR              r0, [r3]
  109 0000003C 4770            BX               LR          ;   return
  110 0000003E                 ENDP
  111 0000003E         
  112 0000003E         
  113 0000003E         ;***************************************************
  114 0000003E         ; This is a library for the Adafruit 1.8" SPI display.
  115 0000003E         ; This library works with the Adafruit 1.8" TFT Breakout
                        w/SD card
  116 0000003E         ; ----> http://www.adafruit.com/products/358
  117 0000003E         ; as well as Adafruit raw 1.8" TFT display
  118 0000003E         ; ----> http://www.adafruit.com/products/618
  119 0000003E         ;
  120 0000003E         ; Check out the links above for our tutorials and wiring
                        diagrams
  121 0000003E         ; These displays use SPI to communicate, 4 or 5 pins are
                        required to
  122 0000003E         ; interface (RST is optional)
  123 0000003E         ; Adafruit invests time and resources providing this ope
                       n source code,
  124 0000003E         ; please support Adafruit and open-source hardware by pu
                       rchasing
  125 0000003E         ; products from Adafruit!
  126 0000003E         ;
  127 0000003E         ; Written by Limor Fried/Ladyada for Adafruit Industries
                       .
  128 0000003E         ; MIT license, all text above must be included in any re



ARM Macro Assembler    Page 4 


                       distribution
  129 0000003E         ;****************************************************
  130 0000003E         
  131 0000003E 00 00           ALIGN                        ; make sure the end
                                                             of this section is
                                                             aligned
  132 00000040                 END                          ; end of file
              4000800C 
              400043FC 
              40008008 
Command Line: --debug --xref --cpu=Cortex-M4 --apcs=interwork --depend=.\lcd.d 
-o.\lcd.o -IC:\Keil\ARM\RV31\INC -IC:\Keil\ARM\CMSIS\Include -IC:\Keil\ARM\Inc\
Luminary --predefine="__EVAL SETA 1" --predefine="__MICROLIB SETA 1" --list=.\l
cd.lst LCD.s



ARM Macro Assembler    Page 1 Alphabetic symbol ordering
Relocatable symbols

.text 00000000

Symbol: .text
   Definitions
      At line 39 in file LCD.s
   Uses
      None
Comment: .text unused
L1 00000002

Symbol: L1
   Definitions
      At line 73 in file LCD.s
   Uses
      At line 75 in file LCD.s
Comment: L1 used once
L2 0000001A

Symbol: L2
   Definitions
      At line 83 in file LCD.s
   Uses
      At line 85 in file LCD.s
Comment: L2 used once
L3 00000026

Symbol: L3
   Definitions
      At line 100 in file LCD.s
   Uses
      At line 102 in file LCD.s
Comment: L3 used once
writecommand 00000000

Symbol: writecommand
   Definitions
      At line 65 in file LCD.s
   Uses
      At line 36 in file LCD.s
Comment: writecommand used once
writedata 00000024

Symbol: writedata
   Definitions
      At line 94 in file LCD.s
   Uses
      At line 37 in file LCD.s
Comment: writedata used once
6 symbols



ARM Macro Assembler    Page 1 Alphabetic symbol ordering
Absolute symbols

DC 40004100

Symbol: DC
   Definitions
      At line 27 in file LCD.s
   Uses
      None
Comment: DC unused
DC_COMMAND 00000000

Symbol: DC_COMMAND
   Definitions
      At line 28 in file LCD.s
   Uses
      None
Comment: DC_COMMAND unused
DC_DATA 00000040

Symbol: DC_DATA
   Definitions
      At line 29 in file LCD.s
   Uses
      None
Comment: DC_DATA unused
GPIO_PORTA_DATA_R 400043FC

Symbol: GPIO_PORTA_DATA_R
   Definitions
      At line 35 in file LCD.s
   Uses
      At line 76 in file LCD.s
      At line 103 in file LCD.s

SSI0_DR_R 40008008

Symbol: SSI0_DR_R
   Definitions
      At line 30 in file LCD.s
   Uses
      At line 80 in file LCD.s
      At line 107 in file LCD.s

SSI0_SR_R 4000800C

Symbol: SSI0_SR_R
   Definitions
      At line 31 in file LCD.s
   Uses
      At line 72 in file LCD.s
      At line 82 in file LCD.s
      At line 99 in file LCD.s

SSI_SR_BSY 00000010

Symbol: SSI_SR_BSY
   Definitions
      At line 33 in file LCD.s
   Uses
      None



ARM Macro Assembler    Page 2 Alphabetic symbol ordering
Absolute symbols

Comment: SSI_SR_BSY unused
SSI_SR_RNE 00000004

Symbol: SSI_SR_RNE
   Definitions
      At line 32 in file LCD.s
   Uses
      None
Comment: SSI_SR_RNE unused
SSI_SR_TNF 00000002

Symbol: SSI_SR_TNF
   Definitions
      At line 34 in file LCD.s
   Uses
      None
Comment: SSI_SR_TNF unused
9 symbols
349 symbols in table
